<?xml version="1.0" encoding="UTF-8"?>
<!-- Generated by org.testng.reporters.JUnitXMLReporter -->
<testsuite hostname="LAPTOP-MQAE53GM" ignored="10" name="Surefire test" tests="2" failures="0" timestamp="2022-06-25T16:00:55 BST" time="48.386" errors="0">
  <testcase name="UserShouldBeAbleToRegisterSuccessfullyAndVerifyRegistrationMessage" time="8.476" classname="org.example.TestSuit"/>
  <testcase name="UserShouldBeAbleToVoteAndVerifyVotes" time="8.142" classname="org.example.TestSuit"/>
  <testcase name="ByClickingOnVoteButtonWithoutRegisteringUserShouldGetAlertAndAbleToComeBackToHomePage" time="0.0" classname="org.example.TestSuit">
    <ignored/>
  </testcase> <!-- ByClickingOnVoteButtonWithoutRegisteringUserShouldGetAlertAndAbleToComeBackToHomePage -->
  <testcase name="GetProductTitlesFromHomePge" time="0.0" classname="org.example.TestSuit">
    <ignored/>
  </testcase> <!-- GetProductTitlesFromHomePge -->
  <testcase name="UserShouldBeAbleToAddToCartForBuildYourOwnComputerAndVerifyInShoppingCart" time="0.0" classname="org.example.TestSuit">
    <ignored/>
  </testcase> <!-- UserShouldBeAbleToAddToCartForBuildYourOwnComputerAndVerifyInShoppingCart -->
  <testcase name="UserShouldClickOnFaceBookButtonAndPopupWindowShouldAppearAndComeBackToParentWindow" time="0.0" classname="org.example.TestSuit">
    <ignored/>
  </testcase> <!-- UserShouldClickOnFaceBookButtonAndPopupWindowShouldAppearAndComeBackToParentWindow -->
  <testcase name="UserShouldClickOnNopCommerceNewReleaseAndAddNewCommentAndVerify" time="0.0" classname="org.example.TestSuit">
    <ignored/>
  </testcase> <!-- UserShouldClickOnNopCommerceNewReleaseAndAddNewCommentAndVerify -->
  <testcase name="UserShouldBeAbleToReferAFriendForBuildYouOwnComputerAndVerifyYourMessageHasBeenSent" time="0.0" classname="org.example.TestSuit">
    <ignored/>
  </testcase> <!-- UserShouldBeAbleToReferAFriendForBuildYouOwnComputerAndVerifyYourMessageHasBeenSent -->
  <testcase name="UserShouldBeAbleToSeeUSDollarOREuroSignOnPriceForBuildYourOwnComputerWhenSelectedInDropdownMenu" time="0.0" classname="org.example.TestSuit">
    <ignored/>
  </testcase> <!-- UserShouldBeAbleToSeeUSDollarOREuroSignOnPriceForBuildYourOwnComputerWhenSelectedInDropdownMenu -->
  <testcase name="UserShouldBeAbleToPerformMouseActionAndVerifyColor" time="0.0" classname="org.example.TestSuit">
    <ignored/>
  </testcase> <!-- UserShouldBeAbleToPerformMouseActionAndVerifyColor -->
  <testcase name="UserShouldSearchTextAndVerifyForTextInProductTitles" time="0.0" classname="org.example.TestSuit">
    <ignored/>
  </testcase> <!-- UserShouldSearchTextAndVerifyForTextInProductTitles -->
  <testcase name="UserShouldNavigateToDesktopPageAndVerifyZToASortingOfProducts" time="0.0" classname="org.example.TestSuit">
    <ignored/>
  </testcase> <!-- UserShouldNavigateToDesktopPageAndVerifyZToASortingOfProducts -->
</testsuite> <!-- Surefire test -->
