<?xml version="1.0" encoding="UTF-8"?>
<testng-results skipped="0" failed="0" ignored="10" total="12" passed="2">
  <reporter-output>
  </reporter-output>
  <suite name="Surefire suite" duration-ms="48386" started-at="2022-06-25T16:00:07 BST" finished-at="2022-06-25T16:00:55 BST">
    <groups>
    </groups>
    <test name="Surefire test" duration-ms="48386" started-at="2022-06-25T16:00:07 BST" finished-at="2022-06-25T16:00:55 BST">
      <class name="org.example.TestSuit">
        <test-method status="PASS" signature="setup()[pri:0, instance:org.example.TestSuit@4232c52b]" name="setup" is-config="true" duration-ms="15025" started-at="2022-06-25T16:00:07 BST" finished-at="2022-06-25T16:00:22 BST">
          <reporter-output>
          </reporter-output>
        </test-method> <!-- setup -->
        <test-method status="PASS" signature="UserShouldBeAbleToRegisterSuccessfullyAndVerifyRegistrationMessage()[pri:1, instance:org.example.TestSuit@4232c52b]" name="UserShouldBeAbleToRegisterSuccessfullyAndVerifyRegistrationMessage" duration-ms="8476" started-at="2022-06-25T16:00:22 BST" finished-at="2022-06-25T16:00:30 BST">
          <reporter-output>
          </reporter-output>
        </test-method> <!-- UserShouldBeAbleToRegisterSuccessfullyAndVerifyRegistrationMessage -->
        <test-method status="PASS" signature="close(org.testng.ITestResult)[pri:0, instance:org.example.TestSuit@4232c52b]" name="close" is-config="true" duration-ms="779" started-at="2022-06-25T16:00:30 BST" finished-at="2022-06-25T16:00:31 BST">
          <params>
            <param index="0">
              <value>
                <![CDATA[[TestResult name=UserShouldBeAbleToRegisterSuccessfullyAndVerifyRegistrationMessage status=SUCCESS method=TestSuit.UserShouldBeAbleToRegisterSuccessfullyAndVerifyRegistrationMessage()[pri:1, instance:org.example.TestSuit@4232c52b] output={null}]]]>
              </value>
            </param>
          </params>
          <reporter-output>
          </reporter-output>
        </test-method> <!-- close -->
        <test-method status="PASS" signature="setup()[pri:0, instance:org.example.TestSuit@4232c52b]" name="setup" is-config="true" duration-ms="15192" started-at="2022-06-25T16:00:31 BST" finished-at="2022-06-25T16:00:46 BST">
          <reporter-output>
          </reporter-output>
        </test-method> <!-- setup -->
        <test-method status="PASS" signature="UserShouldBeAbleToVoteAndVerifyVotes()[pri:5, instance:org.example.TestSuit@4232c52b]" name="UserShouldBeAbleToVoteAndVerifyVotes" duration-ms="8142" started-at="2022-06-25T16:00:46 BST" finished-at="2022-06-25T16:00:55 BST">
          <reporter-output>
          </reporter-output>
        </test-method> <!-- UserShouldBeAbleToVoteAndVerifyVotes -->
        <test-method status="PASS" signature="close(org.testng.ITestResult)[pri:0, instance:org.example.TestSuit@4232c52b]" name="close" is-config="true" duration-ms="730" started-at="2022-06-25T16:00:55 BST" finished-at="2022-06-25T16:00:55 BST">
          <params>
            <param index="0">
              <value>
                <![CDATA[[TestResult name=UserShouldBeAbleToVoteAndVerifyVotes status=SUCCESS method=TestSuit.UserShouldBeAbleToVoteAndVerifyVotes()[pri:5, instance:org.example.TestSuit@4232c52b] output={null}]]]>
              </value>
            </param>
          </params>
          <reporter-output>
          </reporter-output>
        </test-method> <!-- close -->
      </class> <!-- org.example.TestSuit -->
    </test> <!-- Surefire test -->
  </suite> <!-- Surefire suite -->
</testng-results>
